<costs>
    <multiplier category_id="237" value="1.000000" display_units="$"/>
    <multiplier category_id="239" value="1.000000" display_units="$"/>
    <multiplier category_id="240" value="40.000000" display_units="$"/>
    <multiplier category_id="242" value="40.000000" display_units="$"/>
    <multiplier category_id="243" value="40.000000" display_units="$"/>
    <multiplier category_id="252" value="40.000000" display_units="$"/>
    <multiplier category_id="402" value="40.000000" display_units="$"/>
    <multiplier category_id="246" value="40.000000" display_units="$"/>
    <multiplier category_id="432" value="40.000000" display_units="$"/>
    <multiplier category_id="433" value="40.000000" display_units="$"/>
    <multiplier category_id="436" value="40.000000" display_units="$"/>
    <multiplier category_id="437" value="40.000000" display_units="$"/>
    <multiplier category_id="438" value="40.000000" display_units="$"/>
    <multiplier category_id="439" value="40.000000" display_units="$"/>
    <multiplier category_id="440" value="40.000000" display_units="$"/>
    <multiplier category_id="441" value="40.000000" display_units="$"/>
    <multiplier category_id="442" value="40.000000" display_units="$"/>
    <multiplier category_id="443" value="40.000000" display_units="$"/>
    <multiplier category_id="444" value="40.000000" display_units="$"/>
    <multiplier category_id="445" value="40.000000" display_units="$"/>
    <multiplier category_id="446" value="40.000000" display_units="$"/>
    <multiplier category_id="447" value="40.000000" display_units="$"/>
    <multiplier category_id="184" value="6656.000000" display_units="$/ft^2 Exterior Wall"/>
    <multiplier category_id="200" value="6656.000000" display_units="$/ft^2 Exterior Wall"/>
    <multiplier category_id="453" value="6656.000000" display_units="$/ft^2 Exterior Wall"/>
    <multiplier category_id="176" value="6656.000000" display_units="$/ft^2 Exterior Wall"/>
    <multiplier category_id="202" value="6656.000000" display_units="$/ft^2 Exterior Wall"/>
    <multiplier category_id="203" value="6656.000000" display_units="$/ft^2 Exterior Wall"/>
    <multiplier category_id="249" value="6656.000000" display_units="$/ft^2 Exterior Wall"/>
    <multiplier category_id="410" value="6656.000000" display_units="$/ft^2 Exterior Wall"/>
    <multiplier category_id="216" value="10144.000000" display_units="$/ft^2 Exterior Wall"/>
    <multiplier category_id="394" value="0.000000" display_units="$/ft^2 Wall"/>
    <multiplier category_id="377" value="7680.000000" display_units="$/ft^2 Ceiling"/>
    <multiplier category_id="377" value="0.000000" display_units="$/ft^2 Roof"/>
    <multiplier category_id="395" value="7680.000000" display_units="$/ft^2 Roof"/>
    <multiplier category_id="33" value="9280.000000" display_units="$/ft^2 Roof"/>
    <multiplier category_id="51" value="0.000000" display_units="$/ft^2 Roof"/>
    <multiplier category_id="338" value="0.000000" display_units="$/ft^2 Slab Perimeter"/>
    <multiplier category_id="338" value="0.000000" display_units="$/ft^2 Slab Gap"/>
    <multiplier category_id="338" value="0.000000" display_units="$/ft^2 Slab Exterior"/>
    <multiplier category_id="219" value="0.000000" display_units="$/ft^2 Wall"/>
    <multiplier category_id="219" value="0.000000" display_units="$/ft^2 Rim Joist Wall"/>
    <multiplier category_id="378" value="0.000000" display_units="$/ft^2 Wall"/>
    <multiplier category_id="378" value="0.000000" display_units="$/ft^2 Ceiling"/>
    <multiplier category_id="378" value="0.000000" display_units="$/ft^2 Rim Joist Wall"/>
    <multiplier category_id="334" value="0.000000" display_units="$/ft^2 Wall"/>
    <multiplier category_id="334" value="0.000000" display_units="$/ft^2 Ceiling"/>
    <multiplier category_id="334" value="0.000000" display_units="$/ft^2 Floor"/>
    <multiplier category_id="334" value="0.000000" display_units="$/ft^2 Rim Joist Wall"/>
    <multiplier category_id="449" value="0.000000" display_units="$/ft^2 Ceiling"/>
    <multiplier category_id="332" value="7680.000000" display_units="$/ft^2 Floor"/>
    <multiplier category_id="221" value="15360.000000" display_units="$/ft^2 Floor"/>
    <multiplier category_id="222" value="10144.000000" display_units="$/ft^2 Wall"/>
    <multiplier category_id="227" value="15360.000000" display_units="$/ft^2 Wall"/>
    <multiplier category_id="369" value="15360.000000" display_units="$/ft^2 Ceiling"/>
    <multiplier category_id="220" value="15360.000000" display_units="$/ft^2 Floor"/>
    <multiplier category_id="190" value="384.000000" display_units="$/ft^2 Front Window"/>
    <multiplier category_id="190" value="384.000000" display_units="$/ft^2 Back Window"/>
    <multiplier category_id="190" value="115.200000" display_units="$/ft^2 Left Window"/>
    <multiplier category_id="190" value="115.200000" display_units="$/ft^2 Right Window"/>
    <multiplier category_id="190" value="998.400000" display_units="$/ft^2 Window"/>
    <multiplier category_id="231" value="1.000000" display_units="$"/>
    <multiplier category_id="15" value="800.000000" display_units="$/ft^2 Door"/>
    <multiplier category_id="450" value="1.000000" display_units="$"/>
    <multiplier category_id="232" value="40.000000" display_units="$"/>
    <multiplier category_id="233" value="0.000000" display_units="$/ft^2 Eave"/>
    <multiplier category_id="234" value="0.000000" display_units="$/ft^2 Overhang"/>
    <multiplier category_id="376" value="15360.000000" display_units="$/ft^2 Finished Floor"/>
    <multiplier category_id="376" value="29889.180000" display_units="$/[ln(ACH50) * ft^2 Finished Floor]"/>
    <multiplier category_id="236" value="40.000000" display_units="$"/>
    <multiplier category_id="236" value="753.600000" display_units="$/cfm"/>
    <multiplier category_id="278" value="40.000000" display_units="$"/>
    <multiplier category_id="279" value="40.000000" display_units="$"/>
    <multiplier category_id="291" value="40.000000" display_units="$"/>
    <multiplier category_id="293" value="40.000000" display_units="$"/>
    <multiplier category_id="374" value="40.000000" display_units="$"/>
    <multiplier category_id="429" display_units="$/fridge"/>
    <multiplier category_id="23" display_units="$/freezer"/>
    <multiplier category_id="422" value="0.000000" display_units="$/heater"/>
    <multiplier category_id="423" value="0.000000" display_units="$/pump"/>
    <multiplier category_id="424" value="0.000000" display_units="$/heater"/>
    <multiplier category_id="425" value="0.000000" display_units="$/pump"/>
    <multiplier category_id="46" value="0.000000" display_units="$/pump"/>
    <multiplier category_id="426" value="0.000000" display_units="$/fireplace"/>
    <multiplier category_id="427" value="0.000000" display_units="$/grill"/>
    <multiplier category_id="430" value="0.000000" display_units="$/unit"/>
    <multiplier category_id="297" value="1.000000" display_units="$"/>
    <multiplier category_id="297" value="24640.000000" display_units="$/ft^2 Living + Garage"/>
    <multiplier category_id="375" value="40.000000" display_units="$/unit"/>
    <multiplier category_id="375" value="0.000000" display_units="$/kBtuh"/>
    <multiplier category_id="35" value="40.000000" display_units="$/unit"/>
    <multiplier category_id="35" value="240.000000" display_units="$/kBtuh"/>
    <multiplier category_id="308" value="40.000000" display_units="$/unit"/>
    <multiplier category_id="308" value="0.000000" display_units="$/kBtuh Input"/>
    <multiplier category_id="312" value="40.000000" display_units="$/unit"/>
    <multiplier category_id="312" value="0.000000" display_units="$/kBtuh"/>
    <multiplier category_id="431" value="40.000000" display_units="$/unit"/>
    <multiplier category_id="431" value="0.000000" display_units="$/kBtuh"/>
    <multiplier category_id="431" value="0.000000" display_units="$"/>
    <multiplier category_id="367" value="40.000000" display_units="$/unit"/>
    <multiplier category_id="367" value="0.000000" display_units="$/kBtuh"/>
    <multiplier category_id="18" value="240.000000" display_units="$/kBtuh"/>
    <multiplier category_id="316" value="40.000000" display_units="$/unit"/>
    <multiplier category_id="316" value="0.000000" display_units="$/kBtuh"/>
    <multiplier category_id="401" value="5683.200000" display_units="$/ft^2 Duct Surface"/>
    <multiplier category_id="368" value="73.600000" display_units="$/fan"/>
    <multiplier category_id="321" value="40.000000" display_units="$"/>
    <multiplier category_id="321" value="0.000000" display_units="$/pints - day"/>
    <multiplier category_id="451" value="0.000000" display_units="$"/>
    <multiplier category_id="451" value="0.000000" display_units="$/gal"/>
    <multiplier category_id="451" value="0.000000" display_units="$/kBtuh"/>
    <multiplier category_id="270" value="40.000000" display_units="$"/>
    <multiplier category_id="270" value="800.000000" display_units="$/gal"/>
    <multiplier category_id="323" value="40.000000" display_units="$"/>
    <multiplier category_id="323" value="-2553.824000" display_units="$/ft Pipe"/>
    <multiplier category_id="452" value="0.000000" display_units="$"/>
    <multiplier category_id="452" value="0.000000" display_units="$/ft Branch Pipe"/>
    <multiplier category_id="452" value="0.000000" display_units="$/ft Supply Pipe"/>
    <multiplier category_id="452" value="0.000000" display_units="$/ft Return Pipe"/>
    <multiplier category_id="331" value="40.000000" display_units="$"/>
    <multiplier category_id="324" value="1.000000" display_units="$"/>
    <multiplier category_id="325" value="1.000000" display_units="$"/>
    <multiplier category_id="326" value="14000.000000" display_units="$/W"/>
    <multiplier category_id="327" value="1.000000" display_units="$"/>
    <multiplier category_id="330" value="1.000000" display_units="$"/>
</costs>
